<?xml version="1.0" encoding="UTF-8"?>
<!-- Generated by org.testng.reporters.JUnitReportReporter -->
<testsuite hostname="Nikhil" failures="0" tests="1" name="com.ofos.test_scripts.TC010_OFOS_MyOrder" time="36.985" errors="0" timestamp="2023-08-07T12:31:17 IST" skipped="0">
  <testcase classname="com.ofos.test_scripts.TC010_OFOS_MyOrder" name="placeOrderFromRestaurant" time="36.985"/>
  <system-out/>
</testsuite> <!-- com.ofos.test_scripts.TC010_OFOS_MyOrder -->
